<?xml version="1.0" encoding="UTF-8"?>
<!-- Generated by org.testng.reporters.JUnitReportReporter -->
<testsuite skipped="0" hostname="Mano" name="org.test.CyclosProject" tests="1" failures="0" timestamp="07 Jul 2023 08:10:33 GMT" time="23.894" errors="0">
  <testcase name="loginPage" time="23.894" classname="org.test.CyclosProject"/>
</testsuite> <!-- org.test.CyclosProject -->
